19:09:02 **** Incremental Build of configuration Nios II for project count_binary_revamped ****
make all 
Info: Building ../count_binary_revamped_bsp/
C:/altera/16.0/nios2eds/bin/gnu/H-x86_64-mingw32/bin/make --no-print-directory -C ../count_binary_revamped_bsp/
[BSP build complete]
Info: Linking count_binary_revamped.elf
nios2-elf-g++  -T'../count_binary_revamped_bsp//linker.x' -msys-crt0='../count_binary_revamped_bsp//obj/HAL/src/crt0.o' -msys-lib=hal_bsp -L../count_binary_revamped_bsp/  -msmallc  -Wl,-Map=count_binary_revamped.map   -O0  -Wall   -mno-hw-div -mno-hw-mul -mno-hw-mulx  -o count_binary_revamped.elf obj/default/hello_world.o -lm -msys-lib=m
c:/altera/16.0/nios2eds/bin/gnu/h-x86_64-mingw32/bin/../lib/gcc/nios2-elf/5.2.0/../../../../../H-x86_64-mingw32/nios2-elf/bin/ld.exe: count_binary_revamped.elf section `.text' will not fit in region `onchip_memory'
c:/altera/16.0/nios2eds/bin/gnu/h-x86_64-mingw32/bin/../lib/gcc/nios2-elf/5.2.0/../../../../../H-x86_64-mingw32/nios2-elf/bin/ld.exe: address 0x2654 of count_binary_revamped.elf section `.rwdata' is not within region `onchip_memory'
c:/altera/16.0/nios2eds/bin/gnu/h-x86_64-mingw32/bin/../lib/gcc/nios2-elf/5.2.0/../../../../../H-x86_64-mingw32/nios2-elf/bin/ld.exe: address 0x2938 of count_binary_revamped.elf section `.bss' is not within region `onchip_memory'
c:/altera/16.0/nios2eds/bin/gnu/h-x86_64-mingw32/bin/../lib/gcc/nios2-elf/5.2.0/../../../../../H-x86_64-mingw32/nios2-elf/bin/ld.exe: address 0x2654 of count_binary_revamped.elf section `.rwdata' is not within region `onchip_memory'
c:/altera/16.0/nios2eds/bin/gnu/h-x86_64-mingw32/bin/../lib/gcc/nios2-elf/5.2.0/../../../../../H-x86_64-mingw32/nios2-elf/bin/ld.exe: address 0x2938 of count_binary_revamped.elf section `.bss' is not within region `onchip_memory'
c:/altera/16.0/nios2eds/bin/gnu/h-x86_64-mingw32/bin/../lib/gcc/nios2-elf/5.2.0/../../../../../H-x86_64-mingw32/nios2-elf/bin/ld.exe: region `onchip_memory' overflowed by 2360 bytes
collect2.exe: error: ld returned 1 exit status
make: *** [count_binary_revamped.elf] Error 1

19:09:03 Build Finished (took 789ms)

